<?xml version="1.0" encoding="UTF-8"?>
<testsuite name="SuperMapTest" tests="1" skipped="0" failures="0" errors="0" timestamp="2021-09-06T17:17:15" hostname="Tins-MBP" time="0.055">
  <properties/>
  <testcase name="threadSafeRemove()" classname="SuperMapTest" time="0.055"/>
  <system-out><![CDATA[]]></system-out>
  <system-err><![CDATA[]]></system-err>
</testsuite>
